<?xml version="1.0" encoding="UTF-8"?>
<!-- Generated by org.testng.reporters.JUnitReportReporter -->
<testsuite hostname="DESKTOP-BJS4ETD" failures="0" tests="10" name="TestNGPack2.Flag3" time="167.031" errors="0" timestamp="2023-01-20T01:08:09 GMT-08:00" skipped="0">
  <testcase classname="TestNGPack2.Flag3" name="flag3" time="20.441"/>
  <system-out/>
  <testcase classname="TestNGPack2.Flag3" name="flag3" time="16.799"/>
  <system-out/>
  <testcase classname="TestNGPack2.Flag3" name="flag3" time="9.712"/>
  <system-out/>
  <testcase classname="TestNGPack2.Flag3" name="flag3" time="8.888"/>
  <system-out/>
  <testcase classname="TestNGPack2.Flag3" name="flag3" time="26.970"/>
  <system-out/>
  <testcase classname="TestNGPack2.Flag3" name="flag3" time="27.247"/>
  <system-out/>
  <testcase classname="TestNGPack2.Flag3" name="flag3" time="13.392"/>
  <system-out/>
  <testcase classname="TestNGPack2.Flag3" name="flag3" time="13.336"/>
  <system-out/>
  <testcase classname="TestNGPack2.Flag3" name="flag3" time="14.920"/>
  <system-out/>
  <testcase classname="TestNGPack2.Flag3" name="flag3" time="15.326"/>
  <system-out/>
</testsuite> <!-- TestNGPack2.Flag3 -->
