<?xml version="1.0" encoding="UTF-8"?>
<!-- Generated by org.testng.reporters.JUnitReportReporter -->
<testsuite hostname="DESKTOP-BJS4ETD" failures="0" tests="2" name="TestNGParallelExecution.TesyNG3" time="0.039" errors="0" timestamp="2023-01-23T00:33:19 GMT-08:00" skipped="0">
  <testcase classname="TestNGParallelExecution.TesyNG3" name="method2" time="0.020"/>
  <system-out>
    <![CDATA[i am method2]]>
  </system-out>
  <testcase classname="TestNGParallelExecution.TesyNG3" name="method1" time="0.019"/>
  <system-out>
    <![CDATA[i am method1]]>
  </system-out>
</testsuite> <!-- TestNGParallelExecution.TesyNG3 -->
