<?xml version="1.0" encoding="UTF-8"?>
<!-- Generated by org.testng.reporters.JUnitReportReporter -->
<testsuite hostname="DESKTOP-BJS4ETD" failures="0" tests="1" name="TestNGParallelExecution.TestNG1" time="0.021" errors="0" timestamp="2023-01-23T00:25:55 GMT-08:00" skipped="0">
  <testcase classname="TestNGParallelExecution.TestNG1" name="m1" time="0.021"/>
  <system-out>
    <![CDATA[m1 method]]>
  </system-out>
</testsuite> <!-- TestNGParallelExecution.TestNG1 -->
