<?xml version="1.0" encoding="UTF-8"?>
<!-- Generated by org.testng.reporters.JUnitReportReporter -->
<testsuite hostname="DESKTOP-BJS4ETD" failures="0" tests="1" name="TestNGPack2.Class4" time="27.188" errors="0" timestamp="2023-01-23T00:19:19 GMT-08:00" skipped="0">
  <testcase classname="TestNGPack2.Class4" name="automation" time="27.188"/>
  <system-out/>
</testsuite> <!-- TestNGPack2.Class4 -->
