<?xml version="1.0" encoding="UTF-8"?>
<!-- Generated by org.testng.reporters.JUnitReportReporter -->
<testsuite hostname="DESKTOP-BJS4ETD" failures="0" tests="3" name="testNGPackage.Remo" time="0.006" errors="0" timestamp="2023-01-19T01:32:30 GMT-08:00" skipped="0">
  <testcase classname="testNGPackage.Remo" name="remo" time="0.002"/>
  <system-out>
    <![CDATA[thid is remo method]]>
  </system-out>
  <testcase classname="testNGPackage.Remo" name="remo2" time="0.002"/>
  <system-out>
    <![CDATA[thid is remo2 method]]>
  </system-out>
  <testcase classname="testNGPackage.Remo" name="remo1" time="0.002"/>
  <system-out>
    <![CDATA[thid is remo1 method]]>
  </system-out>
</testsuite> <!-- testNGPackage.Remo -->
