<?xml version="1.0" encoding="UTF-8"?>
<!-- Generated by org.testng.reporters.JUnitReportReporter -->
<testsuite hostname="DESKTOP-BJS4ETD" failures="0" tests="1" name="TestNGPack2.NoAnnotation" time="0.012" errors="0" timestamp="2023-01-20T01:52:02 GMT-08:00" skipped="0">
  <testcase classname="TestNGPack2.NoAnnotation" name="test" time="0.012"/>
  <system-out>
    <![CDATA[@test Annotation]]>
  </system-out>
</testsuite> <!-- TestNGPack2.NoAnnotation -->
