<?xml version="1.0" encoding="UTF-8"?>
<!-- Generated by org.testng.reporters.JUnitReportReporter -->
<testsuite hostname="DESKTOP-BJS4ETD" failures="0" tests="2" name="TestNGParallelExecution.TestNG4" time="0.026" errors="0" timestamp="2023-01-23T01:10:29 GMT-08:00" skipped="0">
  <testcase classname="TestNGParallelExecution.TestNG4" name="tomorrow" time="0.007"/>
  <system-out>
    <![CDATA[tomorrow metrhod 1is the thread]]>
  </system-out>
  <testcase classname="TestNGParallelExecution.TestNG4" name="today" time="0.019"/>
  <system-out>
    <![CDATA[today metrhod 1is the thread]]>
  </system-out>
</testsuite> <!-- TestNGParallelExecution.TestNG4 -->
