<?xml version="1.0" encoding="UTF-8"?>
<!-- Generated by org.testng.reporters.JUnitReportReporter -->
<testsuite hostname="DESKTOP-BJS4ETD" failures="0" tests="5" name="TestNGPack2.Flag6" time="0.030" errors="0" timestamp="2023-01-21T01:32:23 GMT-08:00" skipped="0">
  <testcase classname="TestNGPack2.Flag6" name="st3" time="0.003"/>
  <system-out>
    <![CDATA[System Testing3]]>
  </system-out>
  <testcase classname="TestNGPack2.Flag6" name="st5" time="0.003"/>
  <system-out>
    <![CDATA[System Testing5]]>
  </system-out>
  <testcase classname="TestNGPack2.Flag6" name="st1" time="0.016"/>
  <system-out>
    <![CDATA[System Testing1]]>
  </system-out>
  <testcase classname="TestNGPack2.Flag6" name="st4" time="0.004"/>
  <system-out>
    <![CDATA[System Testing4]]>
  </system-out>
  <testcase classname="TestNGPack2.Flag6" name="st2" time="0.004"/>
  <system-out>
    <![CDATA[System Testing2]]>
  </system-out>
</testsuite> <!-- TestNGPack2.Flag6 -->
