<?xml version="1.0" encoding="UTF-8"?>
<!-- Generated by org.testng.reporters.JUnitReportReporter -->
<testsuite hostname="DESKTOP-BJS4ETD" failures="0" tests="1" name="TestNGPack2.Class2" time="26.911" errors="0" timestamp="2023-01-23T00:19:19 GMT-08:00" skipped="0">
  <testcase classname="TestNGPack2.Class2" name="manual" time="26.911"/>
  <system-out/>
</testsuite> <!-- TestNGPack2.Class2 -->
