<?xml version="1.0" encoding="UTF-8"?>
<!-- Generated by org.testng.reporters.JUnitReportReporter -->
<testsuite hostname="DESKTOP-BJS4ETD" failures="0" tests="1" name="TestNGParallelExecution.TestNG2" time="0.020" errors="0" timestamp="2023-01-23T00:25:55 GMT-08:00" skipped="0">
  <testcase classname="TestNGParallelExecution.TestNG2" name="m2" time="0.020"/>
  <system-out>
    <![CDATA[method m2]]>
  </system-out>
</testsuite> <!-- TestNGParallelExecution.TestNG2 -->
