<?xml version="1.0" encoding="UTF-8"?>
<!-- Generated by org.testng.reporters.JUnitReportReporter -->
<testsuite hostname="DESKTOP-BJS4ETD" failures="0" tests="1" name="TestNGPack2.Class3" time="12.597" errors="0" timestamp="2023-01-23T00:19:19 GMT-08:00" skipped="0">
  <testcase classname="TestNGPack2.Class3" name="java" time="12.597"/>
  <system-out/>
</testsuite> <!-- TestNGPack2.Class3 -->
