<?xml version="1.0" encoding="UTF-8"?>
<!-- Generated by org.testng.reporters.JUnitReportReporter -->
<testsuite hostname="DESKTOP-BJS4ETD" failures="0" tests="3" name="TestNGPack2.Flag4" time="0.018" errors="0" timestamp="2023-01-20T01:17:36 GMT-08:00" skipped="0">
  <testcase classname="TestNGPack2.Flag4" name="logInMethod" time="0.014"/>
  <system-out>
    <![CDATA[log in is done]]>
  </system-out>
  <testcase classname="TestNGPack2.Flag4" name="logOutMethod" time="0.002"/>
  <system-out>
    <![CDATA[log Out done]]>
  </system-out>
  <testcase classname="TestNGPack2.Flag4" name="createUser" time="0.002"/>
  <system-out>
    <![CDATA[user is creadted]]>
  </system-out>
</testsuite> <!-- TestNGPack2.Flag4 -->
